<?xml version="1.0" encoding="UTF-8"?>
<!-- Generated by org.testng.reporters.JUnitReportReporter -->
<testsuite hostname="DESKTOP-Q4TLVFB" failures="0" tests="2" name="sep29_Testcases.LoginTestcases" time="124.400" errors="0" timestamp="2021-10-26T18:42:13 IST" skipped="0">
  <testcase classname="sep29_Testcases.LoginTestcases" name="Logintest002" time="58.799"/>
  <system-out/>
  <testcase classname="sep29_Testcases.LoginTestcases" name="Logintest001" time="65.601"/>
  <system-out/>
</testsuite> <!-- sep29_Testcases.LoginTestcases -->
