<?xml version="1.0" encoding="UTF-8"?>
<!-- Generated by org.testng.reporters.JUnitReportReporter -->
<testsuite hostname="DESKTOP-Q4TLVFB" failures="0" tests="3" name="Sep24_Testng_excel.TestcasesEx2" time="19.268" errors="0" timestamp="2021-09-28T19:05:10 IST" skipped="0">
  <testcase classname="Sep24_Testng_excel.TestcasesEx2" name="testcase003" time="3.457"/>
  <system-out/>
  <testcase classname="Sep24_Testng_excel.TestcasesEx2" name="testcase002" time="6.771"/>
  <system-out/>
  <testcase classname="Sep24_Testng_excel.TestcasesEx2" name="testcase001" time="9.040"/>
  <system-out/>
</testsuite> <!-- Sep24_Testng_excel.TestcasesEx2 -->
