<?xml version="1.0" encoding="UTF-8"?>
<!-- Generated by org.testng.reporters.JUnitReportReporter -->
<testsuite hostname="DESKTOP-Q4TLVFB" failures="0" tests="2" name="parallel_Testing.Parallel_Test1" time="20.667" errors="0" timestamp="2021-09-28T14:18:02 IST" skipped="0">
  <testcase classname="parallel_Testing.Parallel_Test1" name="testcase001" time="11.182"/>
  <system-out/>
  <testcase classname="parallel_Testing.Parallel_Test1" name="testcase002" time="9.485"/>
  <system-out/>
</testsuite> <!-- parallel_Testing.Parallel_Test1 -->
