<?xml version="1.0" encoding="UTF-8"?>
<!-- Generated by org.testng.reporters.JUnitReportReporter -->
<testsuite hostname="DESKTOP-Q4TLVFB" failures="0" tests="2" name="Sep_22.Emp" time="0.021" errors="0" timestamp="2021-09-23T17:48:43 IST" skipped="0">
  <testcase classname="Sep_22.Emp" name="empname" time="0.011"/>
  <system-out/>
  <testcase classname="Sep_22.Emp" name="empname2" time="0.010"/>
  <system-out/>
</testsuite> <!-- Sep_22.Emp -->
