<?xml version="1.0" encoding="UTF-8"?>
<!-- Generated by org.testng.reporters.JUnitReportReporter -->
<testsuite hostname="DESKTOP-Q4TLVFB" failures="0" tests="2" name="sep25_TestNG_parameters.Testcases_dependsOnMethod" time="17.408" errors="0" timestamp="2021-09-26T12:13:50 IST" skipped="0">
  <testcase classname="sep25_TestNG_parameters.Testcases_dependsOnMethod" name="testcase003" time="13.400"/>
  <system-out/>
  <testcase classname="sep25_TestNG_parameters.Testcases_dependsOnMethod" name="testcase002" time="4.008"/>
  <system-out/>
</testsuite> <!-- sep25_TestNG_parameters.Testcases_dependsOnMethod -->
