<?xml version="1.0" encoding="UTF-8"?>
<!-- Generated by org.testng.reporters.JUnitReportReporter -->
<testsuite hostname="DESKTOP-Q4TLVFB" failures="0" tests="2" name="oct1_log4jframework.LoginTestcases" time="40.739" errors="0" timestamp="2021-10-03T16:05:00 IST" skipped="0">
  <testcase classname="oct1_log4jframework.LoginTestcases" name="Logintest002" time="30.721"/>
  <system-out/>
  <testcase classname="oct1_log4jframework.LoginTestcases" name="Logintest001" time="10.018"/>
  <system-out/>
</testsuite> <!-- oct1_log4jframework.LoginTestcases -->
