<?xml version="1.0" encoding="UTF-8"?>
<!-- Generated by org.testng.reporters.JUnitReportReporter -->
<testsuite hostname="DESKTOP-Q4TLVFB" failures="0" tests="3" name="Sep_22.School_enabled_false" time="0.020" errors="0" timestamp="2021-09-22T13:21:57 IST" skipped="1">
  <testcase classname="Sep_22.School_enabled_false" name="student2" time="0.005"/>
  <system-out/>
  <testcase classname="Sep_22.School_enabled_false" name="student1" time="0.015"/>
  <system-out/>
  <testcase classname="Sep_22.School_enabled_false" name="student3">
    <skipped/>
  </testcase> <!-- student3 -->
  <system-out/>
</testsuite> <!-- Sep_22.School_enabled_false -->
