<?xml version="1.0" encoding="UTF-8"?>
<!-- Generated by org.testng.reporters.JUnitReportReporter -->
<testsuite hostname="DESKTOP-Q4TLVFB" failures="0" tests="1" name="oct1_log4jframework.LogfileImpl" time="0.050" errors="0" timestamp="2021-11-14T19:25:16 IST" skipped="0">
  <testcase classname="oct1_log4jframework.LogfileImpl" name="Print" time="0.050"/>
  <system-out/>
</testsuite> <!-- oct1_log4jframework.LogfileImpl -->
