<?xml version="1.0" encoding="UTF-8"?>
<!-- Generated by org.testng.reporters.JUnitReportReporter -->
<testsuite hostname="DESKTOP-Q4TLVFB" failures="0" tests="2" name="Sep_22.Student" time="0.015" errors="0" timestamp="2021-09-22T12:57:24 IST" skipped="0">
  <testcase classname="Sep_22.Student" name="School" time="0.001"/>
  <system-out/>
  <testcase classname="Sep_22.Student" name="ClassRoom" time="0.014"/>
  <system-out/>
</testsuite> <!-- Sep_22.Student -->
