<?xml version="1.0" encoding="UTF-8"?>
<!-- Generated by org.testng.reporters.JUnitReportReporter -->
<testsuite hostname="DESKTOP-Q4TLVFB" failures="0" tests="3" name="sep25_TestNG_parameters.Dataprovider_using_customDataprovider" time="0.020" errors="0" timestamp="2021-09-27T22:08:33 IST" skipped="0">
  <testcase classname="sep25_TestNG_parameters.Dataprovider_using_customDataprovider" name="f" time="0.001"/>
  <system-out/>
  <testcase classname="sep25_TestNG_parameters.Dataprovider_using_customDataprovider" name="f" time="0.014"/>
  <system-out/>
  <testcase classname="sep25_TestNG_parameters.Dataprovider_using_customDataprovider" name="f" time="0.005"/>
  <system-out/>
</testsuite> <!-- sep25_TestNG_parameters.Dataprovider_using_customDataprovider -->
