<?xml version="1.0" encoding="UTF-8"?>
<!-- Generated by org.testng.reporters.JUnitReportReporter -->
<testsuite hostname="DESKTOP-Q4TLVFB" failures="0" tests="2" name="Sep_21_TestNG.Student" time="0.014" errors="0" timestamp="2021-09-21T16:34:47 IST" skipped="0">
  <testcase classname="Sep_21_TestNG.Student" name="ClassRoom" time="0.010"/>
  <system-out/>
  <testcase classname="Sep_21_TestNG.Student" name="School" time="0.004"/>
  <system-out/>
</testsuite> <!-- Sep_21_TestNG.Student -->
