<?xml version="1.0" encoding="UTF-8"?>
<!-- Generated by org.testng.reporters.JUnitReportReporter -->
<testsuite hostname="DESKTOP-Q4TLVFB" failures="0" tests="1" name="oct4_ExtentReporting.TestReporting" time="8.942" errors="0" timestamp="2021-11-14T20:11:01 IST" skipped="0">
  <testcase classname="oct4_ExtentReporting.TestReporting" name="f" time="8.942"/>
  <system-out/>
</testsuite> <!-- oct4_ExtentReporting.TestReporting -->
