<?xml version="1.0" encoding="UTF-8"?>
<!-- Generated by org.testng.reporters.JUnitReportReporter -->
<testsuite hostname="DESKTOP-Q4TLVFB" failures="0" tests="3" name="Sep23.Testcases" time="21.778" errors="0" timestamp="2021-09-24T16:40:20 IST" skipped="0">
  <testcase classname="Sep23.Testcases" name="testcase001" time="8.751"/>
  <system-out/>
  <testcase classname="Sep23.Testcases" name="testcase003" time="9.711"/>
  <system-out/>
  <testcase classname="Sep23.Testcases" name="testcase002" time="3.316"/>
  <system-out/>
</testsuite> <!-- Sep23.Testcases -->
