<?xml version="1.0" encoding="UTF-8"?>
<!-- Generated by org.testng.reporters.JUnitReportReporter -->
<testsuite hostname="DESKTOP-Q4TLVFB" failures="0" tests="2" name="Sep_22.School" time="0.012" errors="0" timestamp="2021-09-22T12:57:24 IST" skipped="0">
  <testcase classname="Sep_22.School" name="student" time="0.003"/>
  <system-out/>
  <testcase classname="Sep_22.School" name="student2" time="0.009"/>
  <system-out/>
</testsuite> <!-- Sep_22.School -->
