<?xml version="1.0" encoding="UTF-8"?>
<!-- Generated by org.testng.reporters.JUnitReportReporter -->
<testsuite hostname="DESKTOP-Q4TLVFB" failures="0" tests="2" name="sep29_Testcases.LoginTestcases" time="111.110" errors="0" timestamp="2021-10-26T17:46:45 IST" skipped="0">
  <testcase classname="sep29_Testcases.LoginTestcases" name="Logintest001" time="53.137"/>
  <system-out/>
  <testcase classname="sep29_Testcases.LoginTestcases" name="Logintest002" time="57.973"/>
  <system-out/>
</testsuite> <!-- sep29_Testcases.LoginTestcases -->
