<?xml version="1.0" encoding="UTF-8"?>
<!-- Generated by org.testng.reporters.JUnitReportReporter -->
<testsuite hostname="DESKTOP-Q4TLVFB" failures="0" tests="4" name="Sep_22.School_Priority" time="0.022" errors="0" timestamp="2021-09-22T14:33:58 IST" skipped="0">
  <testcase classname="Sep_22.School_Priority" name="student1" time="0.013"/>
  <system-out/>
  <testcase classname="Sep_22.School_Priority" name="student2" time="0.005"/>
  <system-out/>
  <testcase classname="Sep_22.School_Priority" name="student4" time="0.003"/>
  <system-out/>
  <testcase classname="Sep_22.School_Priority" name="student3" time="0.001"/>
  <system-out/>
</testsuite> <!-- Sep_22.School_Priority -->
