<?xml version="1.0" encoding="UTF-8"?>
<!-- Generated by org.testng.reporters.JUnitReportReporter -->
<testsuite hostname="DESKTOP-Q4TLVFB" failures="0" tests="3" name="Sep23.TestcasesEx2" time="21.026" errors="0" timestamp="2021-09-24T16:40:20 IST" skipped="0">
  <testcase classname="Sep23.TestcasesEx2" name="testcase002" time="7.968"/>
  <system-out/>
  <testcase classname="Sep23.TestcasesEx2" name="testcase001" time="9.617"/>
  <system-out/>
  <testcase classname="Sep23.TestcasesEx2" name="testcase003" time="3.441"/>
  <system-out/>
</testsuite> <!-- Sep23.TestcasesEx2 -->
