<?xml version="1.0" encoding="UTF-8"?>
<!-- Generated by org.testng.reporters.JUnitReportReporter -->
<testsuite hostname="DESKTOP-Q4TLVFB" failures="0" tests="2" name="sep_30_listeners_webdrivereventlisteners.LoginTestcases" time="23.255" errors="0" timestamp="2021-10-03T16:00:34 IST" skipped="0">
  <testcase classname="sep_30_listeners_webdrivereventlisteners.LoginTestcases" name="Logintest001" time="8.924"/>
  <system-out/>
  <testcase classname="sep_30_listeners_webdrivereventlisteners.LoginTestcases" name="Logintest002" time="14.331"/>
  <system-out/>
</testsuite> <!-- sep_30_listeners_webdrivereventlisteners.LoginTestcases -->
