<?xml version="1.0" encoding="UTF-8"?>
<!-- Generated by org.testng.reporters.JUnitReportReporter -->
<testsuite hostname="DESKTOP-Q4TLVFB" failures="0" tests="2" name="Sep_21_TestNG.School" time="0.046" errors="0" timestamp="2021-09-23T18:21:25 IST" skipped="0">
  <testcase classname="Sep_21_TestNG.School" name="student2" time="0.017"/>
  <system-out/>
  <testcase classname="Sep_21_TestNG.School" name="student" time="0.029"/>
  <system-out/>
</testsuite> <!-- Sep_21_TestNG.School -->
