<?xml version="1.0" encoding="UTF-8"?>
<!-- Generated by org.testng.reporters.JUnitReportReporter -->
<testsuite hostname="DESKTOP-Q4TLVFB" failures="0" tests="3" name="sep25_TestNG_parameters.Testcases" time="29.705" errors="0" timestamp="2021-09-26T12:42:14 IST" skipped="0">
  <testcase classname="sep25_TestNG_parameters.Testcases" name="testcase001" time="9.153"/>
  <system-out/>
  <testcase classname="sep25_TestNG_parameters.Testcases" name="testcase003" time="14.568"/>
  <system-out/>
  <testcase classname="sep25_TestNG_parameters.Testcases" name="testcase002" time="5.984"/>
  <system-out/>
</testsuite> <!-- sep25_TestNG_parameters.Testcases -->
