<?xml version="1.0" encoding="UTF-8"?>
<!-- Generated by org.testng.reporters.JUnitReportReporter -->
<testsuite hostname="DESKTOP-Q4TLVFB" failures="0" tests="4" name="Sep_21_TestNG.Emp" time="0.036" errors="0" timestamp="2021-09-23T17:51:23 IST" skipped="0">
  <testcase classname="Sep_21_TestNG.Emp" name="empname" time="0.013"/>
  <system-out/>
  <testcase classname="Sep_21_TestNG.Emp" name="empname3" time="0.008"/>
  <system-out/>
  <testcase classname="Sep_21_TestNG.Emp" name="empname4" time="0.011"/>
  <system-out/>
  <testcase classname="Sep_21_TestNG.Emp" name="empname2" time="0.004"/>
  <system-out/>
</testsuite> <!-- Sep_21_TestNG.Emp -->
